<?xml version="1.0" encoding="UTF-8"?>
<testng-results ignored="0" total="6" passed="3" failed="3" skipped="0">
  <reporter-output>
  </reporter-output>
  <suite started-at="2025-05-02T12:41:38 IST" name="Suite" finished-at="2025-05-02T12:42:47 IST" duration-ms="69169">
    <groups>
      <group name="Sanity">
        <method signature="TC_001.testAddTocart()[pri:1, instance:testCases.TC_001@53aac487]" name="testAddTocart" class="testCases.TC_001"/>
        <method signature="TC_002.testAddToCartMultipleItems()[pri:1, instance:testCases.TC_002@73e9cf30]" name="testAddToCartMultipleItems" class="testCases.TC_002"/>
        <method signature="TC_006.testCartitemsSubtotal()[pri:1, instance:testCases.TC_006@3f6f6701]" name="testCartitemsSubtotal" class="testCases.TC_006"/>
      </group> <!-- Sanity -->
      <group name="Regression">
        <method signature="TC_001.testAddTocart()[pri:1, instance:testCases.TC_001@53aac487]" name="testAddTocart" class="testCases.TC_001"/>
        <method signature="TC_002.testAddToCartMultipleItems()[pri:1, instance:testCases.TC_002@73e9cf30]" name="testAddToCartMultipleItems" class="testCases.TC_002"/>
        <method signature="TC_003.testRemoveCartItem()[pri:1, instance:testCases.TC_003@771a660]" name="testRemoveCartItem" class="testCases.TC_003"/>
        <method signature="TC_004.testUpdateCountOfCartItem()[pri:1, instance:testCases.TC_004@2d52216b]" name="testUpdateCountOfCartItem" class="testCases.TC_004"/>
        <method signature="TC_005.testItemSaveForLater()[pri:1, instance:testCases.TC_005@242b836]" name="testItemSaveForLater" class="testCases.TC_005"/>
        <method signature="TC_006.testCartitemsSubtotal()[pri:1, instance:testCases.TC_006@3f6f6701]" name="testCartitemsSubtotal" class="testCases.TC_006"/>
      </group> <!-- Regression -->
    </groups>
    <test started-at="2025-05-02T12:41:38 IST" name="Test" finished-at="2025-05-02T12:42:47 IST" duration-ms="69169">
      <class name="testCases.TC_005">
        <test-method is-config="true" signature="setup(java.lang.String)[pri:0, instance:testCases.TC_005@242b836]" started-at="2025-05-02T12:42:23 IST" name="setup" finished-at="2025-05-02T12:42:25 IST" duration-ms="2376" status="PASS">
          <params>
            <param index="0">
              <value>
                <![CDATA[chrome]]>
              </value>
            </param>
          </params>
          <reporter-output>
          </reporter-output>
        </test-method> <!-- setup -->
        <test-method signature="testItemSaveForLater()[pri:1, instance:testCases.TC_005@242b836]" started-at="2025-05-02T12:42:25 IST" name="testItemSaveForLater" finished-at="2025-05-02T12:42:44 IST" duration-ms="19052" status="PASS">
          <reporter-output>
          </reporter-output>
        </test-method> <!-- testItemSaveForLater -->
        <test-method is-config="true" signature="tearDown()[pri:0, instance:testCases.TC_005@242b836]" started-at="2025-05-02T12:42:44 IST" name="tearDown" finished-at="2025-05-02T12:42:45 IST" duration-ms="614" status="PASS">
          <reporter-output>
          </reporter-output>
        </test-method> <!-- tearDown -->
      </class> <!-- testCases.TC_005 -->
      <class name="testCases.TC_006">
        <test-method is-config="true" signature="setup(java.lang.String)[pri:0, instance:testCases.TC_006@3f6f6701]" started-at="2025-05-02T12:42:45 IST" name="setup" finished-at="2025-05-02T12:42:47 IST" duration-ms="1897" status="PASS">
          <params>
            <param index="0">
              <value>
                <![CDATA[chrome]]>
              </value>
            </param>
          </params>
          <reporter-output>
          </reporter-output>
        </test-method> <!-- setup -->
        <test-method signature="testCartitemsSubtotal()[pri:1, instance:testCases.TC_006@3f6f6701]" started-at="2025-05-02T12:42:47 IST" name="testCartitemsSubtotal" finished-at="2025-05-02T12:42:47 IST" duration-ms="15" status="FAIL">
          <exception class="java.lang.AssertionError">
            <message>
              <![CDATA[null]]>
            </message>
            <full-stacktrace>
              <![CDATA[java.lang.AssertionError: null
at org.testng.Assert.fail(Assert.java:111)
at org.testng.Assert.fail(Assert.java:116)
at testCases.TC_006.testCartitemsSubtotal(TC_006.java:61)
at java.base/jdk.internal.reflect.NativeMethodAccessorImpl.invoke0(Native Method)
at java.base/jdk.internal.reflect.NativeMethodAccessorImpl.invoke(NativeMethodAccessorImpl.java:62)
at java.base/jdk.internal.reflect.DelegatingMethodAccessorImpl.invoke(DelegatingMethodAccessorImpl.java:43)
at java.base/java.lang.reflect.Method.invoke(Method.java:566)
at org.testng.internal.invokers.MethodInvocationHelper.invokeMethod(MethodInvocationHelper.java:141)
at org.testng.internal.invokers.TestInvoker.invokeMethod(TestInvoker.java:687)
at org.testng.internal.invokers.TestInvoker.invokeTestMethod(TestInvoker.java:230)
at org.testng.internal.invokers.MethodRunner.runInSequence(MethodRunner.java:63)
at org.testng.internal.invokers.TestInvoker$MethodInvocationAgent.invoke(TestInvoker.java:995)
at org.testng.internal.invokers.TestInvoker.invokeTestMethods(TestInvoker.java:203)
at org.testng.internal.invokers.TestMethodWorker.invokeTestMethods(TestMethodWorker.java:154)
at org.testng.internal.invokers.TestMethodWorker.run(TestMethodWorker.java:134)
at java.base/java.util.ArrayList.forEach(ArrayList.java:1541)
at org.testng.TestRunner.privateRun(TestRunner.java:741)
at org.testng.TestRunner.run(TestRunner.java:616)
at org.testng.SuiteRunner.runTest(SuiteRunner.java:421)
at org.testng.SuiteRunner.runSequentially(SuiteRunner.java:413)
at org.testng.SuiteRunner.privateRun(SuiteRunner.java:373)
at org.testng.SuiteRunner.run(SuiteRunner.java:312)
at org.testng.SuiteRunnerWorker.runSuite(SuiteRunnerWorker.java:52)
at org.testng.SuiteRunnerWorker.run(SuiteRunnerWorker.java:95)
at org.testng.TestNG.runSuitesSequentially(TestNG.java:1274)
at org.testng.TestNG.runSuitesLocally(TestNG.java:1208)
at org.testng.TestNG.runSuites(TestNG.java:1112)
at org.testng.TestNG.run(TestNG.java:1079)
at org.apache.maven.surefire.testng.TestNGExecutor.run(TestNGExecutor.java:308)
at org.apache.maven.surefire.testng.TestNGXmlTestSuite.execute(TestNGXmlTestSuite.java:71)
at org.apache.maven.surefire.testng.TestNGProvider.invoke(TestNGProvider.java:113)
at org.apache.maven.surefire.booter.ForkedBooter.runSuitesInProcess(ForkedBooter.java:385)
at org.apache.maven.surefire.booter.ForkedBooter.execute(ForkedBooter.java:162)
at org.apache.maven.surefire.booter.ForkedBooter.run(ForkedBooter.java:507)
at org.apache.maven.surefire.booter.ForkedBooter.main(ForkedBooter.java:495)
]]>
            </full-stacktrace>
          </exception> <!-- java.lang.AssertionError -->
          <reporter-output>
          </reporter-output>
        </test-method> <!-- testCartitemsSubtotal -->
        <test-method is-config="true" signature="tearDown()[pri:0, instance:testCases.TC_006@3f6f6701]" started-at="2025-05-02T12:42:47 IST" name="tearDown" finished-at="2025-05-02T12:42:47 IST" duration-ms="426" status="PASS">
          <reporter-output>
          </reporter-output>
        </test-method> <!-- tearDown -->
      </class> <!-- testCases.TC_006 -->
      <class name="testCases.TC_003">
        <test-method is-config="true" signature="setup(java.lang.String)[pri:0, instance:testCases.TC_003@771a660]" started-at="2025-05-02T12:42:17 IST" name="setup" finished-at="2025-05-02T12:42:19 IST" duration-ms="1983" status="PASS">
          <params>
            <param index="0">
              <value>
                <![CDATA[chrome]]>
              </value>
            </param>
          </params>
          <reporter-output>
          </reporter-output>
        </test-method> <!-- setup -->
        <test-method signature="testRemoveCartItem()[pri:1, instance:testCases.TC_003@771a660]" started-at="2025-05-02T12:42:19 IST" name="testRemoveCartItem" finished-at="2025-05-02T12:42:19 IST" duration-ms="16" status="FAIL">
          <exception class="java.lang.AssertionError">
            <message>
              <![CDATA[null]]>
            </message>
            <full-stacktrace>
              <![CDATA[java.lang.AssertionError: null
at org.testng.Assert.fail(Assert.java:111)
at org.testng.Assert.fail(Assert.java:116)
at testCases.TC_003.testRemoveCartItem(TC_003.java:52)
at java.base/jdk.internal.reflect.NativeMethodAccessorImpl.invoke0(Native Method)
at java.base/jdk.internal.reflect.NativeMethodAccessorImpl.invoke(NativeMethodAccessorImpl.java:62)
at java.base/jdk.internal.reflect.DelegatingMethodAccessorImpl.invoke(DelegatingMethodAccessorImpl.java:43)
at java.base/java.lang.reflect.Method.invoke(Method.java:566)
at org.testng.internal.invokers.MethodInvocationHelper.invokeMethod(MethodInvocationHelper.java:141)
at org.testng.internal.invokers.TestInvoker.invokeMethod(TestInvoker.java:687)
at org.testng.internal.invokers.TestInvoker.invokeTestMethod(TestInvoker.java:230)
at org.testng.internal.invokers.MethodRunner.runInSequence(MethodRunner.java:63)
at org.testng.internal.invokers.TestInvoker$MethodInvocationAgent.invoke(TestInvoker.java:995)
at org.testng.internal.invokers.TestInvoker.invokeTestMethods(TestInvoker.java:203)
at org.testng.internal.invokers.TestMethodWorker.invokeTestMethods(TestMethodWorker.java:154)
at org.testng.internal.invokers.TestMethodWorker.run(TestMethodWorker.java:134)
at java.base/java.util.ArrayList.forEach(ArrayList.java:1541)
at org.testng.TestRunner.privateRun(TestRunner.java:741)
at org.testng.TestRunner.run(TestRunner.java:616)
at org.testng.SuiteRunner.runTest(SuiteRunner.java:421)
at org.testng.SuiteRunner.runSequentially(SuiteRunner.java:413)
at org.testng.SuiteRunner.privateRun(SuiteRunner.java:373)
at org.testng.SuiteRunner.run(SuiteRunner.java:312)
at org.testng.SuiteRunnerWorker.runSuite(SuiteRunnerWorker.java:52)
at org.testng.SuiteRunnerWorker.run(SuiteRunnerWorker.java:95)
at org.testng.TestNG.runSuitesSequentially(TestNG.java:1274)
at org.testng.TestNG.runSuitesLocally(TestNG.java:1208)
at org.testng.TestNG.runSuites(TestNG.java:1112)
at org.testng.TestNG.run(TestNG.java:1079)
at org.apache.maven.surefire.testng.TestNGExecutor.run(TestNGExecutor.java:308)
at org.apache.maven.surefire.testng.TestNGXmlTestSuite.execute(TestNGXmlTestSuite.java:71)
at org.apache.maven.surefire.testng.TestNGProvider.invoke(TestNGProvider.java:113)
at org.apache.maven.surefire.booter.ForkedBooter.runSuitesInProcess(ForkedBooter.java:385)
at org.apache.maven.surefire.booter.ForkedBooter.execute(ForkedBooter.java:162)
at org.apache.maven.surefire.booter.ForkedBooter.run(ForkedBooter.java:507)
at org.apache.maven.surefire.booter.ForkedBooter.main(ForkedBooter.java:495)
]]>
            </full-stacktrace>
          </exception> <!-- java.lang.AssertionError -->
          <reporter-output>
          </reporter-output>
        </test-method> <!-- testRemoveCartItem -->
        <test-method is-config="true" signature="tearDown()[pri:0, instance:testCases.TC_003@771a660]" started-at="2025-05-02T12:42:20 IST" name="tearDown" finished-at="2025-05-02T12:42:20 IST" duration-ms="406" status="PASS">
          <reporter-output>
          </reporter-output>
        </test-method> <!-- tearDown -->
      </class> <!-- testCases.TC_003 -->
      <class name="testCases.TC_004">
        <test-method is-config="true" signature="setup(java.lang.String)[pri:0, instance:testCases.TC_004@2d52216b]" started-at="2025-05-02T12:42:20 IST" name="setup" finished-at="2025-05-02T12:42:22 IST" duration-ms="1805" status="PASS">
          <params>
            <param index="0">
              <value>
                <![CDATA[chrome]]>
              </value>
            </param>
          </params>
          <reporter-output>
          </reporter-output>
        </test-method> <!-- setup -->
        <test-method signature="testUpdateCountOfCartItem()[pri:1, instance:testCases.TC_004@2d52216b]" started-at="2025-05-02T12:42:22 IST" name="testUpdateCountOfCartItem" finished-at="2025-05-02T12:42:22 IST" duration-ms="11" status="FAIL">
          <exception class="java.lang.AssertionError">
            <message>
              <![CDATA[null]]>
            </message>
            <full-stacktrace>
              <![CDATA[java.lang.AssertionError: null
at org.testng.Assert.fail(Assert.java:111)
at org.testng.Assert.fail(Assert.java:116)
at testCases.TC_004.testUpdateCountOfCartItem(TC_004.java:54)
at java.base/jdk.internal.reflect.NativeMethodAccessorImpl.invoke0(Native Method)
at java.base/jdk.internal.reflect.NativeMethodAccessorImpl.invoke(NativeMethodAccessorImpl.java:62)
at java.base/jdk.internal.reflect.DelegatingMethodAccessorImpl.invoke(DelegatingMethodAccessorImpl.java:43)
at java.base/java.lang.reflect.Method.invoke(Method.java:566)
at org.testng.internal.invokers.MethodInvocationHelper.invokeMethod(MethodInvocationHelper.java:141)
at org.testng.internal.invokers.TestInvoker.invokeMethod(TestInvoker.java:687)
at org.testng.internal.invokers.TestInvoker.invokeTestMethod(TestInvoker.java:230)
at org.testng.internal.invokers.MethodRunner.runInSequence(MethodRunner.java:63)
at org.testng.internal.invokers.TestInvoker$MethodInvocationAgent.invoke(TestInvoker.java:995)
at org.testng.internal.invokers.TestInvoker.invokeTestMethods(TestInvoker.java:203)
at org.testng.internal.invokers.TestMethodWorker.invokeTestMethods(TestMethodWorker.java:154)
at org.testng.internal.invokers.TestMethodWorker.run(TestMethodWorker.java:134)
at java.base/java.util.ArrayList.forEach(ArrayList.java:1541)
at org.testng.TestRunner.privateRun(TestRunner.java:741)
at org.testng.TestRunner.run(TestRunner.java:616)
at org.testng.SuiteRunner.runTest(SuiteRunner.java:421)
at org.testng.SuiteRunner.runSequentially(SuiteRunner.java:413)
at org.testng.SuiteRunner.privateRun(SuiteRunner.java:373)
at org.testng.SuiteRunner.run(SuiteRunner.java:312)
at org.testng.SuiteRunnerWorker.runSuite(SuiteRunnerWorker.java:52)
at org.testng.SuiteRunnerWorker.run(SuiteRunnerWorker.java:95)
at org.testng.TestNG.runSuitesSequentially(TestNG.java:1274)
at org.testng.TestNG.runSuitesLocally(TestNG.java:1208)
at org.testng.TestNG.runSuites(TestNG.java:1112)
at org.testng.TestNG.run(TestNG.java:1079)
at org.apache.maven.surefire.testng.TestNGExecutor.run(TestNGExecutor.java:308)
at org.apache.maven.surefire.testng.TestNGXmlTestSuite.execute(TestNGXmlTestSuite.java:71)
at org.apache.maven.surefire.testng.TestNGProvider.invoke(TestNGProvider.java:113)
at org.apache.maven.surefire.booter.ForkedBooter.runSuitesInProcess(ForkedBooter.java:385)
at org.apache.maven.surefire.booter.ForkedBooter.execute(ForkedBooter.java:162)
at org.apache.maven.surefire.booter.ForkedBooter.run(ForkedBooter.java:507)
at org.apache.maven.surefire.booter.ForkedBooter.main(ForkedBooter.java:495)
]]>
            </full-stacktrace>
          </exception> <!-- java.lang.AssertionError -->
          <reporter-output>
          </reporter-output>
        </test-method> <!-- testUpdateCountOfCartItem -->
        <test-method is-config="true" signature="tearDown()[pri:0, instance:testCases.TC_004@2d52216b]" started-at="2025-05-02T12:42:22 IST" name="tearDown" finished-at="2025-05-02T12:42:23 IST" duration-ms="473" status="PASS">
          <reporter-output>
          </reporter-output>
        </test-method> <!-- tearDown -->
      </class> <!-- testCases.TC_004 -->
      <class name="testCases.TC_001">
        <test-method is-config="true" signature="setup(java.lang.String)[pri:0, instance:testCases.TC_001@53aac487]" started-at="2025-05-02T12:41:38 IST" name="setup" finished-at="2025-05-02T12:41:42 IST" duration-ms="4074" status="PASS">
          <params>
            <param index="0">
              <value>
                <![CDATA[chrome]]>
              </value>
            </param>
          </params>
          <reporter-output>
          </reporter-output>
        </test-method> <!-- setup -->
        <test-method signature="testAddTocart()[pri:1, instance:testCases.TC_001@53aac487]" started-at="2025-05-02T12:41:42 IST" name="testAddTocart" finished-at="2025-05-02T12:41:52 IST" duration-ms="9412" status="PASS">
          <reporter-output>
          </reporter-output>
        </test-method> <!-- testAddTocart -->
        <test-method is-config="true" signature="tearDown()[pri:0, instance:testCases.TC_001@53aac487]" started-at="2025-05-02T12:41:52 IST" name="tearDown" finished-at="2025-05-02T12:41:53 IST" duration-ms="750" status="PASS">
          <reporter-output>
          </reporter-output>
        </test-method> <!-- tearDown -->
      </class> <!-- testCases.TC_001 -->
      <class name="testCases.TC_002">
        <test-method is-config="true" signature="setup(java.lang.String)[pri:0, instance:testCases.TC_002@73e9cf30]" started-at="2025-05-02T12:41:53 IST" name="setup" finished-at="2025-05-02T12:41:55 IST" duration-ms="2473" status="PASS">
          <params>
            <param index="0">
              <value>
                <![CDATA[chrome]]>
              </value>
            </param>
          </params>
          <reporter-output>
          </reporter-output>
        </test-method> <!-- setup -->
        <test-method signature="testAddToCartMultipleItems()[pri:1, instance:testCases.TC_002@73e9cf30]" started-at="2025-05-02T12:41:55 IST" name="testAddToCartMultipleItems" finished-at="2025-05-02T12:42:17 IST" duration-ms="21675" status="PASS">
          <reporter-output>
          </reporter-output>
        </test-method> <!-- testAddToCartMultipleItems -->
        <test-method is-config="true" signature="tearDown()[pri:0, instance:testCases.TC_002@73e9cf30]" started-at="2025-05-02T12:42:17 IST" name="tearDown" finished-at="2025-05-02T12:42:17 IST" duration-ms="672" status="PASS">
          <reporter-output>
          </reporter-output>
        </test-method> <!-- tearDown -->
      </class> <!-- testCases.TC_002 -->
    </test> <!-- Test -->
  </suite> <!-- Suite -->
</testng-results>
