<?xml version="1.0" encoding="UTF-8"?>
<testng-results ignored="0" total="6" passed="5" failed="1" skipped="0">
  <reporter-output>
  </reporter-output>
  <suite started-at="2025-05-02T16:14:03 IST" name="Suite" finished-at="2025-05-02T16:15:41 IST" duration-ms="98285">
    <groups>
      <group name="Sanity">
        <method signature="TC_001.testAddTocart()[pri:1, instance:testCases.TC_001@5bda8e08]" name="testAddTocart" class="testCases.TC_001"/>
        <method signature="TC_002.testAddToCartMultipleItems()[pri:1, instance:testCases.TC_002@3b0090a4]" name="testAddToCartMultipleItems" class="testCases.TC_002"/>
        <method signature="TC_006.testCartitemsSubtotal()[pri:1, instance:testCases.TC_006@4116aac9]" name="testCartitemsSubtotal" class="testCases.TC_006"/>
      </group> <!-- Sanity -->
      <group name="Regression">
        <method signature="TC_001.testAddTocart()[pri:1, instance:testCases.TC_001@5bda8e08]" name="testAddTocart" class="testCases.TC_001"/>
        <method signature="TC_002.testAddToCartMultipleItems()[pri:1, instance:testCases.TC_002@3b0090a4]" name="testAddToCartMultipleItems" class="testCases.TC_002"/>
        <method signature="TC_003.testRemoveCartItem()[pri:1, instance:testCases.TC_003@3cd3e762]" name="testRemoveCartItem" class="testCases.TC_003"/>
        <method signature="TC_004.testUpdateCountOfCartItem()[pri:1, instance:testCases.TC_004@1fa121e2]" name="testUpdateCountOfCartItem" class="testCases.TC_004"/>
        <method signature="TC_005.testItemSaveForLater()[pri:1, instance:testCases.TC_005@7eac9008]" name="testItemSaveForLater" class="testCases.TC_005"/>
        <method signature="TC_006.testCartitemsSubtotal()[pri:1, instance:testCases.TC_006@4116aac9]" name="testCartitemsSubtotal" class="testCases.TC_006"/>
      </group> <!-- Regression -->
    </groups>
    <test started-at="2025-05-02T16:14:03 IST" name="Test" finished-at="2025-05-02T16:15:41 IST" duration-ms="98285">
      <class name="testCases.TC_005">
        <test-method is-config="true" signature="setup(java.lang.String)[pri:0, instance:testCases.TC_005@7eac9008]" started-at="2025-05-02T16:15:06 IST" name="setup" finished-at="2025-05-02T16:15:09 IST" duration-ms="2654" status="PASS">
          <params>
            <param index="0">
              <value>
                <![CDATA[chrome]]>
              </value>
            </param>
          </params>
          <reporter-output>
          </reporter-output>
        </test-method> <!-- setup -->
        <test-method signature="testItemSaveForLater()[pri:1, instance:testCases.TC_005@7eac9008]" started-at="2025-05-02T16:15:09 IST" name="testItemSaveForLater" finished-at="2025-05-02T16:15:28 IST" duration-ms="19417" status="PASS">
          <reporter-output>
          </reporter-output>
        </test-method> <!-- testItemSaveForLater -->
        <test-method is-config="true" signature="tearDown()[pri:0, instance:testCases.TC_005@7eac9008]" started-at="2025-05-02T16:15:28 IST" name="tearDown" finished-at="2025-05-02T16:15:29 IST" duration-ms="574" status="PASS">
          <reporter-output>
          </reporter-output>
        </test-method> <!-- tearDown -->
      </class> <!-- testCases.TC_005 -->
      <class name="testCases.TC_006">
        <test-method is-config="true" signature="setup(java.lang.String)[pri:0, instance:testCases.TC_006@4116aac9]" started-at="2025-05-02T16:15:29 IST" name="setup" finished-at="2025-05-02T16:15:31 IST" duration-ms="2485" status="PASS">
          <params>
            <param index="0">
              <value>
                <![CDATA[chrome]]>
              </value>
            </param>
          </params>
          <reporter-output>
          </reporter-output>
        </test-method> <!-- setup -->
        <test-method signature="testCartitemsSubtotal()[pri:1, instance:testCases.TC_006@4116aac9]" started-at="2025-05-02T16:15:31 IST" name="testCartitemsSubtotal" finished-at="2025-05-02T16:15:41 IST" duration-ms="9528" status="PASS">
          <reporter-output>
          </reporter-output>
        </test-method> <!-- testCartitemsSubtotal -->
        <test-method is-config="true" signature="tearDown()[pri:0, instance:testCases.TC_006@4116aac9]" started-at="2025-05-02T16:15:41 IST" name="tearDown" finished-at="2025-05-02T16:15:41 IST" duration-ms="523" status="PASS">
          <reporter-output>
          </reporter-output>
        </test-method> <!-- tearDown -->
      </class> <!-- testCases.TC_006 -->
      <class name="testCases.TC_003">
        <test-method is-config="true" signature="setup(java.lang.String)[pri:0, instance:testCases.TC_003@3cd3e762]" started-at="2025-05-02T16:14:44 IST" name="setup" finished-at="2025-05-02T16:14:46 IST" duration-ms="1974" status="PASS">
          <params>
            <param index="0">
              <value>
                <![CDATA[chrome]]>
              </value>
            </param>
          </params>
          <reporter-output>
          </reporter-output>
        </test-method> <!-- setup -->
        <test-method signature="testRemoveCartItem()[pri:1, instance:testCases.TC_003@3cd3e762]" started-at="2025-05-02T16:14:46 IST" name="testRemoveCartItem" finished-at="2025-05-02T16:14:46 IST" duration-ms="27" status="FAIL">
          <exception class="java.lang.AssertionError">
            <message>
              <![CDATA[null]]>
            </message>
            <full-stacktrace>
              <![CDATA[java.lang.AssertionError: null
at org.testng.Assert.fail(Assert.java:111)
at org.testng.Assert.fail(Assert.java:116)
at testCases.TC_003.testRemoveCartItem(TC_003.java:52)
at java.base/jdk.internal.reflect.DirectMethodHandleAccessor.invoke(DirectMethodHandleAccessor.java:103)
at java.base/java.lang.reflect.Method.invoke(Method.java:580)
at org.testng.internal.invokers.MethodInvocationHelper.invokeMethod(MethodInvocationHelper.java:141)
at org.testng.internal.invokers.TestInvoker.invokeMethod(TestInvoker.java:687)
at org.testng.internal.invokers.TestInvoker.invokeTestMethod(TestInvoker.java:230)
at org.testng.internal.invokers.MethodRunner.runInSequence(MethodRunner.java:63)
at org.testng.internal.invokers.TestInvoker$MethodInvocationAgent.invoke(TestInvoker.java:995)
at org.testng.internal.invokers.TestInvoker.invokeTestMethods(TestInvoker.java:203)
at org.testng.internal.invokers.TestMethodWorker.invokeTestMethods(TestMethodWorker.java:154)
at org.testng.internal.invokers.TestMethodWorker.run(TestMethodWorker.java:134)
at java.base/java.util.ArrayList.forEach(ArrayList.java:1596)
at org.testng.TestRunner.privateRun(TestRunner.java:741)
at org.testng.TestRunner.run(TestRunner.java:616)
at org.testng.SuiteRunner.runTest(SuiteRunner.java:421)
at org.testng.SuiteRunner.runSequentially(SuiteRunner.java:413)
at org.testng.SuiteRunner.privateRun(SuiteRunner.java:373)
at org.testng.SuiteRunner.run(SuiteRunner.java:312)
at org.testng.SuiteRunnerWorker.runSuite(SuiteRunnerWorker.java:52)
at org.testng.SuiteRunnerWorker.run(SuiteRunnerWorker.java:95)
at org.testng.TestNG.runSuitesSequentially(TestNG.java:1274)
at org.testng.TestNG.runSuitesLocally(TestNG.java:1208)
at org.testng.TestNG.runSuites(TestNG.java:1112)
at org.testng.TestNG.run(TestNG.java:1079)
at org.testng.remote.AbstractRemoteTestNG.run(AbstractRemoteTestNG.java:115)
at org.testng.remote.RemoteTestNG.initAndRun(RemoteTestNG.java:293)
at org.testng.remote.RemoteTestNG.main(RemoteTestNG.java:91)
]]>
            </full-stacktrace>
          </exception> <!-- java.lang.AssertionError -->
          <reporter-output>
          </reporter-output>
        </test-method> <!-- testRemoveCartItem -->
        <test-method is-config="true" signature="tearDown()[pri:0, instance:testCases.TC_003@3cd3e762]" started-at="2025-05-02T16:14:46 IST" name="tearDown" finished-at="2025-05-02T16:14:46 IST" duration-ms="434" status="PASS">
          <reporter-output>
          </reporter-output>
        </test-method> <!-- tearDown -->
      </class> <!-- testCases.TC_003 -->
      <class name="testCases.TC_004">
        <test-method is-config="true" signature="setup(java.lang.String)[pri:0, instance:testCases.TC_004@1fa121e2]" started-at="2025-05-02T16:14:46 IST" name="setup" finished-at="2025-05-02T16:14:49 IST" duration-ms="2410" status="PASS">
          <params>
            <param index="0">
              <value>
                <![CDATA[chrome]]>
              </value>
            </param>
          </params>
          <reporter-output>
          </reporter-output>
        </test-method> <!-- setup -->
        <test-method signature="testUpdateCountOfCartItem()[pri:1, instance:testCases.TC_004@1fa121e2]" started-at="2025-05-02T16:14:49 IST" name="testUpdateCountOfCartItem" finished-at="2025-05-02T16:15:05 IST" duration-ms="16690" status="PASS">
          <reporter-output>
          </reporter-output>
        </test-method> <!-- testUpdateCountOfCartItem -->
        <test-method is-config="true" signature="tearDown()[pri:0, instance:testCases.TC_004@1fa121e2]" started-at="2025-05-02T16:15:05 IST" name="tearDown" finished-at="2025-05-02T16:15:06 IST" duration-ms="619" status="PASS">
          <reporter-output>
          </reporter-output>
        </test-method> <!-- tearDown -->
      </class> <!-- testCases.TC_004 -->
      <class name="testCases.TC_001">
        <test-method is-config="true" signature="setup(java.lang.String)[pri:0, instance:testCases.TC_001@5bda8e08]" started-at="2025-05-02T16:14:03 IST" name="setup" finished-at="2025-05-02T16:14:09 IST" duration-ms="5776" status="PASS">
          <params>
            <param index="0">
              <value>
                <![CDATA[chrome]]>
              </value>
            </param>
          </params>
          <reporter-output>
          </reporter-output>
        </test-method> <!-- setup -->
        <test-method signature="testAddTocart()[pri:1, instance:testCases.TC_001@5bda8e08]" started-at="2025-05-02T16:14:09 IST" name="testAddTocart" finished-at="2025-05-02T16:14:18 IST" duration-ms="9013" status="PASS">
          <reporter-output>
          </reporter-output>
        </test-method> <!-- testAddTocart -->
        <test-method is-config="true" signature="tearDown()[pri:0, instance:testCases.TC_001@5bda8e08]" started-at="2025-05-02T16:14:18 IST" name="tearDown" finished-at="2025-05-02T16:14:19 IST" duration-ms="770" status="PASS">
          <reporter-output>
          </reporter-output>
        </test-method> <!-- tearDown -->
      </class> <!-- testCases.TC_001 -->
      <class name="testCases.TC_002">
        <test-method is-config="true" signature="setup(java.lang.String)[pri:0, instance:testCases.TC_002@3b0090a4]" started-at="2025-05-02T16:14:19 IST" name="setup" finished-at="2025-05-02T16:14:21 IST" duration-ms="2532" status="PASS">
          <params>
            <param index="0">
              <value>
                <![CDATA[chrome]]>
              </value>
            </param>
          </params>
          <reporter-output>
          </reporter-output>
        </test-method> <!-- setup -->
        <test-method signature="testAddToCartMultipleItems()[pri:1, instance:testCases.TC_002@3b0090a4]" started-at="2025-05-02T16:14:21 IST" name="testAddToCartMultipleItems" finished-at="2025-05-02T16:14:43 IST" duration-ms="21590" status="PASS">
          <reporter-output>
          </reporter-output>
        </test-method> <!-- testAddToCartMultipleItems -->
        <test-method is-config="true" signature="tearDown()[pri:0, instance:testCases.TC_002@3b0090a4]" started-at="2025-05-02T16:14:43 IST" name="tearDown" finished-at="2025-05-02T16:14:44 IST" duration-ms="658" status="PASS">
          <reporter-output>
          </reporter-output>
        </test-method> <!-- tearDown -->
      </class> <!-- testCases.TC_002 -->
    </test> <!-- Test -->
  </suite> <!-- Suite -->
</testng-results>
